<?xml version="1.0" encoding="UTF-8"?>
<!-- Generated by org.testng.reporters.JUnitReportReporter -->
<testsuite hostname="HP-PC" failures="0" tests="1" name="datadriventesting.Test4Real2023" time="7.279" errors="0" timestamp="2023-05-25T12:20:16 IST" skipped="0">
  <testcase classname="datadriventesting.Test4Real2023" name="test10" time="7.279"/>
  <system-out/>
</testsuite> <!-- datadriventesting.Test4Real2023 -->
