<?xml version="1.0" encoding="UTF-8"?>
<!-- Generated by org.testng.reporters.JUnitReportReporter -->
<testsuite hostname="HP-PC" failures="0" tests="1" name="datadriventesting.FirstRow" time="5.631" errors="0" timestamp="2023-05-25T12:24:07 IST" skipped="0">
  <testcase classname="datadriventesting.FirstRow" name="test10" time="5.631"/>
  <system-out/>
</testsuite> <!-- datadriventesting.FirstRow -->
