<?xml version="1.0" encoding="UTF-8"?>
<!-- Generated by org.testng.reporters.JUnitReportReporter -->
<testsuite hostname="HP-PC" failures="0" tests="1" name="datadriventesting2024.Ddt2024SecondRow" time="9.298" errors="0" timestamp="2024-01-05T14:19:08 IST" skipped="0">
  <testcase classname="datadriventesting2024.Ddt2024SecondRow" name="test200" time="9.298"/>
  <system-out/>
</testsuite> <!-- datadriventesting2024.Ddt2024SecondRow -->
