<?xml version="1.0" encoding="UTF-8"?>
<!-- Generated by org.testng.reporters.JUnitReportReporter -->
<testsuite hostname="HP-PC" failures="0" tests="1" name="datadriventesting2024.Ddt2024FailedMuddamFithrow" time="8.352" errors="0" timestamp="2024-01-05T14:26:32 IST" skipped="0">
  <testcase classname="datadriventesting2024.Ddt2024FailedMuddamFithrow" name="test500" time="8.352"/>
  <system-out/>
</testsuite> <!-- datadriventesting2024.Ddt2024FailedMuddamFithrow -->
