<?xml version="1.0" encoding="UTF-8"?>
<!-- Generated by org.testng.reporters.JUnitReportReporter -->
<testsuite hostname="HP-PC" failures="0" tests="1" name="datadriventesting.SecondRow" time="8.282" errors="0" timestamp="2023-05-25T12:24:07 IST" skipped="0">
  <testcase classname="datadriventesting.SecondRow" name="test10" time="8.282"/>
  <system-out/>
</testsuite> <!-- datadriventesting.SecondRow -->
