<?xml version="1.0" encoding="UTF-8"?>
<!-- Generated by org.testng.reporters.JUnitReportReporter -->
<testsuite hostname="HP-PC" failures="0" tests="1" name="datadriventesting2024.Ddtt2024Onerow" time="10.495" errors="0" timestamp="2024-01-05T14:26:32 IST" skipped="0">
  <testcase classname="datadriventesting2024.Ddtt2024Onerow" name="test100" time="10.495"/>
  <system-out/>
</testsuite> <!-- datadriventesting2024.Ddtt2024Onerow -->
